{"meta": {"format": 3, "version": "7.10.1", "timestamp": "2025-07-30T16:35:05.956938", "branch_coverage": false, "show_contexts": false}, "files": {"src/__init__.py": {"executed_lines": [1, 3], "summary": {"covered_lines": 1, "num_statements": 1, "percent_covered": 100.0, "percent_covered_display": "100", "missing_lines": 0, "excluded_lines": 0}, "missing_lines": [], "excluded_lines": [], "functions": {"": {"executed_lines": [1, 3], "summary": {"covered_lines": 1, "num_statements": 1, "percent_covered": 100.0, "percent_covered_display": "100", "missing_lines": 0, "excluded_lines": 0}, "missing_lines": [], "excluded_lines": []}}, "classes": {"": {"executed_lines": [1, 3], "summary": {"covered_lines": 1, "num_statements": 1, "percent_covered": 100.0, "percent_covered_display": "100", "missing_lines": 0, "excluded_lines": 0}, "missing_lines": [], "excluded_lines": []}}}, "src/api/__init__.py": {"executed_lines": [1], "summary": {"covered_lines": 0, "num_statements": 0, "percent_covered": 100.0, "percent_covered_display": "100", "missing_lines": 0, "excluded_lines": 0}, "missing_lines": [], "excluded_lines": [], "functions": {"": {"executed_lines": [1], "summary": {"covered_lines": 0, "num_statements": 0, "percent_covered": 100.0, "percent_covered_display": "100", "missing_lines": 0, "excluded_lines": 0}, "missing_lines": [], "excluded_lines": []}}, "classes": {"": {"executed_lines": [1], "summary": {"covered_lines": 0, "num_statements": 0, "percent_covered": 100.0, "percent_covered_display": "100", "missing_lines": 0, "excluded_lines": 0}, "missing_lines": [], "excluded_lines": []}}}, "src/api/middleware/__init__.py": {"executed_lines": [1, 3, 4, 6], "summary": {"covered_lines": 3, "num_statements": 3, "percent_covered": 100.0, "percent_covered_display": "100", "missing_lines": 0, "excluded_lines": 0}, "missing_lines": [], "excluded_lines": [], "functions": {"": {"executed_lines": [1, 3, 4, 6], "summary": {"covered_lines": 3, "num_statements": 3, "percent_covered": 100.0, "percent_covered_display": "100", "missing_lines": 0, "excluded_lines": 0}, "missing_lines": [], "excluded_lines": []}}, "classes": {"": {"executed_lines": [1, 3, 4, 6], "summary": {"covered_lines": 3, "num_statements": 3, "percent_covered": 100.0, "percent_covered_display": "100", "missing_lines": 0, "excluded_lines": 0}, "missing_lines": [], "excluded_lines": []}}}, "src/api/middleware/error_handling.py": {"executed_lines": [1, 3, 4, 5, 6, 8, 9, 10, 11, 12, 13, 15, 16, 17, 18, 21, 22, 24, 25, 26, 28, 30, 31, 32, 33, 34, 36, 39, 40, 43, 45, 46, 47, 49, 54, 57, 69, 72, 81, 116, 123, 125, 127, 130, 136, 138, 149, 150, 152, 154, 179, 212, 217, 230, 244, 260, 262, 263, 265, 266, 270, 271, 273, 274, 281, 282, 284, 286, 297, 300, 306, 307], "summary": {"covered_lines": 70, "num_statements": 109, "percent_covered": 64.22018348623853, "percent_covered_display": "64", "missing_lines": 39, "excluded_lines": 0}, "missing_lines": [44, 48, 50, 58, 88, 100, 101, 107, 108, 112, 114, 161, 173, 174, 175, 177, 186, 188, 189, 194, 196, 207, 208, 210, 218, 247, 248, 249, 250, 251, 254, 255, 257, 278, 279, 309, 311, 322, 325], "excluded_lines": [], "functions": {"ErrorHandlingMiddleware.__init__": {"executed_lines": [25, 26], "summary": {"covered_lines": 2, "num_statements": 2, "percent_covered": 100.0, "percent_covered_display": "100", "missing_lines": 0, "excluded_lines": 0}, "missing_lines": [], "excluded_lines": []}, "ErrorHandlingMiddleware.dispatch": {"executed_lines": [30, 31, 32, 33, 34], "summary": {"covered_lines": 5, "num_statements": 5, "percent_covered": 100.0, "percent_covered_display": "100", "missing_lines": 0, "excluded_lines": 0}, "missing_lines": [], "excluded_lines": []}, "ErrorHandlingMiddleware.handle_exception": {"executed_lines": [39, 40, 43, 45, 46, 47, 49, 54, 57, 69, 72], "summary": {"covered_lines": 11, "num_statements": 15, "percent_covered": 73.33333333333333, "percent_covered_display": "73", "missing_lines": 4, "excluded_lines": 0}, "missing_lines": [44, 48, 50, 58], "excluded_lines": []}, "ErrorHandlingMiddleware._handle_platform_error": {"executed_lines": [], "summary": {"covered_lines": 0, "num_statements": 7, "percent_covered": 0.0, "percent_covered_display": "0", "missing_lines": 7, "excluded_lines": 0}, "missing_lines": [88, 100, 101, 107, 108, 112, 114], "excluded_lines": []}, "ErrorHandlingMiddleware._handle_validation_error": {"executed_lines": [123, 125, 127, 130, 136, 138, 149, 150, 152], "summary": {"covered_lines": 9, "num_statements": 9, "percent_covered": 100.0, "percent_covered_display": "100", "missing_lines": 0, "excluded_lines": 0}, "missing_lines": [], "excluded_lines": []}, "ErrorHandlingMiddleware._handle_http_exception": {"executed_lines": [], "summary": {"covered_lines": 0, "num_statements": 5, "percent_covered": 0.0, "percent_covered_display": "0", "missing_lines": 5, "excluded_lines": 0}, "missing_lines": [161, 173, 174, 175, 177], "excluded_lines": []}, "ErrorHandlingMiddleware._handle_pydantic_validation_error": {"executed_lines": [], "summary": {"covered_lines": 0, "num_statements": 8, "percent_covered": 0.0, "percent_covered_display": "0", "missing_lines": 8, "excluded_lines": 0}, "missing_lines": [186, 188, 189, 194, 196, 207, 208, 210], "excluded_lines": []}, "ErrorHandlingMiddleware._handle_unexpected_error": {"executed_lines": [217, 230], "summary": {"covered_lines": 2, "num_statements": 3, "percent_covered": 66.66666666666667, "percent_covered_display": "67", "missing_lines": 1, "excluded_lines": 0}, "missing_lines": [218], "excluded_lines": []}, "ErrorHandlingMiddleware._sanitize_value": {"executed_lines": [], "summary": {"covered_lines": 0, "num_statements": 8, "percent_covered": 0.0, "percent_covered_display": "0", "missing_lines": 8, "excluded_lines": 0}, "missing_lines": [247, 248, 249, 250, 251, 254, 255, 257], "excluded_lines": []}, "create_exception_handlers": {"executed_lines": [262, 263, 265, 266, 273, 274, 281, 282, 306, 307], "summary": {"covered_lines": 10, "num_statements": 10, "percent_covered": 100.0, "percent_covered_display": "100", "missing_lines": 0, "excluded_lines": 0}, "missing_lines": [], "excluded_lines": []}, "create_exception_handlers.validation_exception_handler": {"executed_lines": [270, 271], "summary": {"covered_lines": 2, "num_statements": 2, "percent_covered": 100.0, "percent_covered_display": "100", "missing_lines": 0, "excluded_lines": 0}, "missing_lines": [], "excluded_lines": []}, "create_exception_handlers.http_exception_handler": {"executed_lines": [], "summary": {"covered_lines": 0, "num_statements": 2, "percent_covered": 0.0, "percent_covered_display": "0", "missing_lines": 2, "excluded_lines": 0}, "missing_lines": [278, 279], "excluded_lines": []}, "create_exception_handlers.not_found_handler": {"executed_lines": [284, 286, 297, 300], "summary": {"covered_lines": 4, "num_statements": 4, "percent_covered": 100.0, "percent_covered_display": "100", "missing_lines": 0, "excluded_lines": 0}, "missing_lines": [], "excluded_lines": []}, "create_exception_handlers.internal_error_handler": {"executed_lines": [], "summary": {"covered_lines": 0, "num_statements": 4, "percent_covered": 0.0, "percent_covered_display": "0", "missing_lines": 4, "excluded_lines": 0}, "missing_lines": [309, 311, 322, 325], "excluded_lines": []}, "": {"executed_lines": [1, 3, 4, 5, 6, 8, 9, 10, 11, 12, 13, 15, 16, 17, 18, 21, 22, 24, 28, 36, 81, 116, 154, 179, 212, 244, 260], "summary": {"covered_lines": 25, "num_statements": 25, "percent_covered": 100.0, "percent_covered_display": "100", "missing_lines": 0, "excluded_lines": 0}, "missing_lines": [], "excluded_lines": []}}, "classes": {"ErrorHandlingMiddleware": {"executed_lines": [25, 26, 30, 31, 32, 33, 34, 39, 40, 43, 45, 46, 47, 49, 54, 57, 69, 72, 123, 125, 127, 130, 136, 138, 149, 150, 152, 217, 230], "summary": {"covered_lines": 29, "num_statements": 62, "percent_covered": 46.774193548387096, "percent_covered_display": "47", "missing_lines": 33, "excluded_lines": 0}, "missing_lines": [44, 48, 50, 58, 88, 100, 101, 107, 108, 112, 114, 161, 173, 174, 175, 177, 186, 188, 189, 194, 196, 207, 208, 210, 218, 247, 248, 249, 250, 251, 254, 255, 257], "excluded_lines": []}, "": {"executed_lines": [1, 3, 4, 5, 6, 8, 9, 10, 11, 12, 13, 15, 16, 17, 18, 21, 22, 24, 28, 36, 81, 116, 154, 179, 212, 244, 260, 262, 263, 265, 266, 270, 271, 273, 274, 281, 282, 284, 286, 297, 300, 306, 307], "summary": {"covered_lines": 41, "num_statements": 47, "percent_covered": 87.23404255319149, "percent_covered_display": "87", "missing_lines": 6, "excluded_lines": 0}, "missing_lines": [278, 279, 309, 311, 322, 325], "excluded_lines": []}}}, "src/api/middleware/logging.py": {"executed_lines": [1, 3, 4, 5, 7, 8, 10, 13, 14, 16], "summary": {"covered_lines": 8, "num_statements": 24, "percent_covered": 33.333333333333336, "percent_covered_display": "33", "missing_lines": 16, "excluded_lines": 0}, "missing_lines": [19, 22, 28, 29, 32, 44, 46, 48, 51, 54, 62, 64, 66, 68, 71, 81], "excluded_lines": [], "functions": {"LoggingMiddleware.dispatch": {"executed_lines": [], "summary": {"covered_lines": 0, "num_statements": 16, "percent_covered": 0.0, "percent_covered_display": "0", "missing_lines": 16, "excluded_lines": 0}, "missing_lines": [19, 22, 28, 29, 32, 44, 46, 48, 51, 54, 62, 64, 66, 68, 71, 81], "excluded_lines": []}, "": {"executed_lines": [1, 3, 4, 5, 7, 8, 10, 13, 14, 16], "summary": {"covered_lines": 8, "num_statements": 8, "percent_covered": 100.0, "percent_covered_display": "100", "missing_lines": 0, "excluded_lines": 0}, "missing_lines": [], "excluded_lines": []}}, "classes": {"LoggingMiddleware": {"executed_lines": [], "summary": {"covered_lines": 0, "num_statements": 16, "percent_covered": 0.0, "percent_covered_display": "0", "missing_lines": 16, "excluded_lines": 0}, "missing_lines": [19, 22, 28, 29, 32, 44, 46, 48, 51, 54, 62, 64, 66, 68, 71, 81], "excluded_lines": []}, "": {"executed_lines": [1, 3, 4, 5, 7, 8, 10, 13, 14, 16], "summary": {"covered_lines": 8, "num_statements": 8, "percent_covered": 100.0, "percent_covered_display": "100", "missing_lines": 0, "excluded_lines": 0}, "missing_lines": [], "excluded_lines": []}}}, "src/api/routes/__init__.py": {"executed_lines": [1], "summary": {"covered_lines": 0, "num_statements": 0, "percent_covered": 100.0, "percent_covered_display": "100", "missing_lines": 0, "excluded_lines": 0}, "missing_lines": [], "excluded_lines": [], "functions": {"": {"executed_lines": [1], "summary": {"covered_lines": 0, "num_statements": 0, "percent_covered": 100.0, "percent_covered_display": "100", "missing_lines": 0, "excluded_lines": 0}, "missing_lines": [], "excluded_lines": []}}, "classes": {"": {"executed_lines": [1], "summary": {"covered_lines": 0, "num_statements": 0, "percent_covered": 100.0, "percent_covered_display": "100", "missing_lines": 0, "excluded_lines": 0}, "missing_lines": [], "excluded_lines": []}}}, "src/api/routes/example.py": {"executed_lines": [1, 3, 4, 6, 7, 13, 16, 17, 19, 20, 21, 25, 28, 54, 65, 105, 115, 181, 204, 205, 216, 347, 386, 387], "summary": {"covered_lines": 22, "num_statements": 50, "percent_covered": 44.0, "percent_covered_display": "44", "missing_lines": 28, "excluded_lines": 0}, "missing_lines": [61, 62, 109, 110, 112, 184, 185, 192, 193, 200, 201, 209, 210, 212, 213, 357, 358, 365, 366, 367, 368, 373, 374, 378, 380, 383, 393, 394], "excluded_lines": [], "functions": {"list_items": {"executed_lines": [], "summary": {"covered_lines": 0, "num_statements": 2, "percent_covered": 0.0, "percent_covered_display": "0", "missing_lines": 2, "excluded_lines": 0}, "missing_lines": [61, 62], "excluded_lines": []}, "get_item": {"executed_lines": [], "summary": {"covered_lines": 0, "num_statements": 3, "percent_covered": 0.0, "percent_covered_display": "0", "missing_lines": 3, "excluded_lines": 0}, "missing_lines": [109, 110, 112], "excluded_lines": []}, "create_item": {"executed_lines": [], "summary": {"covered_lines": 0, "num_statements": 6, "percent_covered": 0.0, "percent_covered_display": "0", "missing_lines": 6, "excluded_lines": 0}, "missing_lines": [184, 185, 192, 193, 200, 201], "excluded_lines": []}, "delete_item": {"executed_lines": [], "summary": {"covered_lines": 0, "num_statements": 4, "percent_covered": 0.0, "percent_covered_display": "0", "missing_lines": 4, "excluded_lines": 0}, "missing_lines": [209, 210, 212, 213], "excluded_lines": []}, "trigger_error_example": {"executed_lines": [], "summary": {"covered_lines": 0, "num_statements": 11, "percent_covered": 0.0, "percent_covered_display": "0", "missing_lines": 11, "excluded_lines": 0}, "missing_lines": [357, 358, 365, 366, 367, 368, 373, 374, 378, 380, 383], "excluded_lines": []}, "divide_numbers": {"executed_lines": [], "summary": {"covered_lines": 0, "num_statements": 2, "percent_covered": 0.0, "percent_covered_display": "0", "missing_lines": 2, "excluded_lines": 0}, "missing_lines": [393, 394], "excluded_lines": []}, "": {"executed_lines": [1, 3, 4, 6, 7, 13, 16, 17, 19, 20, 21, 25, 28, 54, 65, 105, 115, 181, 204, 205, 216, 347, 386, 387], "summary": {"covered_lines": 22, "num_statements": 22, "percent_covered": 100.0, "percent_covered_display": "100", "missing_lines": 0, "excluded_lines": 0}, "missing_lines": [], "excluded_lines": []}}, "classes": {"ExampleItem": {"executed_lines": [], "summary": {"covered_lines": 0, "num_statements": 0, "percent_covered": 100.0, "percent_covered_display": "100", "missing_lines": 0, "excluded_lines": 0}, "missing_lines": [], "excluded_lines": []}, "": {"executed_lines": [1, 3, 4, 6, 7, 13, 16, 17, 19, 20, 21, 25, 28, 54, 65, 105, 115, 181, 204, 205, 216, 347, 386, 387], "summary": {"covered_lines": 22, "num_statements": 50, "percent_covered": 44.0, "percent_covered_display": "44", "missing_lines": 28, "excluded_lines": 0}, "missing_lines": [61, 62, 109, 110, 112, 184, 185, 192, 193, 200, 201, 209, 210, 212, 213, 357, 358, 365, 366, 367, 368, 373, 374, 378, 380, 383, 393, 394], "excluded_lines": []}}}, "src/api/routes/health.py": {"executed_lines": [1, 3, 4, 6, 7, 9, 10, 12, 13, 16, 17, 19, 20, 21, 22, 24, 25, 30, 79], "summary": {"covered_lines": 17, "num_statements": 22, "percent_covered": 77.27272727272727, "percent_covered_display": "77", "missing_lines": 5, "excluded_lines": 0}, "missing_lines": [27, 81, 83, 90, 97], "excluded_lines": [], "functions": {"HealthResponse.serialize_timestamp": {"executed_lines": [], "summary": {"covered_lines": 0, "num_statements": 1, "percent_covered": 0.0, "percent_covered_display": "0", "missing_lines": 1, "excluded_lines": 0}, "missing_lines": [27], "excluded_lines": []}, "health_check": {"executed_lines": [], "summary": {"covered_lines": 0, "num_statements": 4, "percent_covered": 0.0, "percent_covered_display": "0", "missing_lines": 4, "excluded_lines": 0}, "missing_lines": [81, 83, 90, 97], "excluded_lines": []}, "": {"executed_lines": [1, 3, 4, 6, 7, 9, 10, 12, 13, 16, 17, 19, 20, 21, 22, 24, 25, 30, 79], "summary": {"covered_lines": 17, "num_statements": 17, "percent_covered": 100.0, "percent_covered_display": "100", "missing_lines": 0, "excluded_lines": 0}, "missing_lines": [], "excluded_lines": []}}, "classes": {"HealthResponse": {"executed_lines": [], "summary": {"covered_lines": 0, "num_statements": 1, "percent_covered": 0.0, "percent_covered_display": "0", "missing_lines": 1, "excluded_lines": 0}, "missing_lines": [27], "excluded_lines": []}, "": {"executed_lines": [1, 3, 4, 6, 7, 9, 10, 12, 13, 16, 17, 19, 20, 21, 22, 24, 25, 30, 79], "summary": {"covered_lines": 17, "num_statements": 21, "percent_covered": 80.95238095238095, "percent_covered_display": "81", "missing_lines": 4, "excluded_lines": 0}, "missing_lines": [81, 83, 90, 97], "excluded_lines": []}}}, "src/core/__init__.py": {"executed_lines": [1], "summary": {"covered_lines": 0, "num_statements": 0, "percent_covered": 100.0, "percent_covered_display": "100", "missing_lines": 0, "excluded_lines": 0}, "missing_lines": [], "excluded_lines": [], "functions": {"": {"executed_lines": [1], "summary": {"covered_lines": 0, "num_statements": 0, "percent_covered": 100.0, "percent_covered_display": "100", "missing_lines": 0, "excluded_lines": 0}, "missing_lines": [], "excluded_lines": []}}, "classes": {"": {"executed_lines": [1], "summary": {"covered_lines": 0, "num_statements": 0, "percent_covered": 100.0, "percent_covered_display": "100", "missing_lines": 0, "excluded_lines": 0}, "missing_lines": [], "excluded_lines": []}}}, "src/core/config.py": {"executed_lines": [1, 3, 6, 7, 9, 14, 15, 18, 21, 22, 23, 26, 29, 32, 33, 34, 35, 38], "summary": {"covered_lines": 16, "num_statements": 16, "percent_covered": 100.0, "percent_covered_display": "100", "missing_lines": 0, "excluded_lines": 0}, "missing_lines": [], "excluded_lines": [], "functions": {"": {"executed_lines": [1, 3, 6, 7, 9, 14, 15, 18, 21, 22, 23, 26, 29, 32, 33, 34, 35, 38], "summary": {"covered_lines": 16, "num_statements": 16, "percent_covered": 100.0, "percent_covered_display": "100", "missing_lines": 0, "excluded_lines": 0}, "missing_lines": [], "excluded_lines": []}}, "classes": {"Settings": {"executed_lines": [], "summary": {"covered_lines": 0, "num_statements": 0, "percent_covered": 100.0, "percent_covered_display": "100", "missing_lines": 0, "excluded_lines": 0}, "missing_lines": [], "excluded_lines": []}, "": {"executed_lines": [1, 3, 6, 7, 9, 14, 15, 18, 21, 22, 23, 26, 29, 32, 33, 34, 35, 38], "summary": {"covered_lines": 16, "num_statements": 16, "percent_covered": 100.0, "percent_covered_display": "100", "missing_lines": 0, "excluded_lines": 0}, "missing_lines": [], "excluded_lines": []}}}, "src/core/database.py": {"executed_lines": [1, 3, 4, 6, 7, 9, 10, 12, 15, 26, 33, 36, 49, 50, 63, 75], "summary": {"covered_lines": 15, "num_statements": 40, "percent_covered": 37.5, "percent_covered_display": "38", "missing_lines": 25, "excluded_lines": 0}, "missing_lines": [38, 39, 40, 41, 42, 43, 44, 46, 52, 53, 54, 55, 56, 57, 58, 60, 65, 66, 68, 69, 70, 71, 72, 77, 78], "excluded_lines": [], "functions": {"get_db": {"executed_lines": [], "summary": {"covered_lines": 0, "num_statements": 8, "percent_covered": 0.0, "percent_covered_display": "0", "missing_lines": 8, "excluded_lines": 0}, "missing_lines": [38, 39, 40, 41, 42, 43, 44, 46], "excluded_lines": []}, "get_db_context": {"executed_lines": [], "summary": {"covered_lines": 0, "num_statements": 8, "percent_covered": 0.0, "percent_covered_display": "0", "missing_lines": 8, "excluded_lines": 0}, "missing_lines": [52, 53, 54, 55, 56, 57, 58, 60], "excluded_lines": []}, "init_db": {"executed_lines": [], "summary": {"covered_lines": 0, "num_statements": 7, "percent_covered": 0.0, "percent_covered_display": "0", "missing_lines": 7, "excluded_lines": 0}, "missing_lines": [65, 66, 68, 69, 70, 71, 72], "excluded_lines": []}, "close_db": {"executed_lines": [], "summary": {"covered_lines": 0, "num_statements": 2, "percent_covered": 0.0, "percent_covered_display": "0", "missing_lines": 2, "excluded_lines": 0}, "missing_lines": [77, 78], "excluded_lines": []}, "": {"executed_lines": [1, 3, 4, 6, 7, 9, 10, 12, 15, 26, 33, 36, 49, 50, 63, 75], "summary": {"covered_lines": 15, "num_statements": 15, "percent_covered": 100.0, "percent_covered_display": "100", "missing_lines": 0, "excluded_lines": 0}, "missing_lines": [], "excluded_lines": []}}, "classes": {"": {"executed_lines": [1, 3, 4, 6, 7, 9, 10, 12, 15, 26, 33, 36, 49, 50, 63, 75], "summary": {"covered_lines": 15, "num_statements": 40, "percent_covered": 37.5, "percent_covered_display": "38", "missing_lines": 25, "excluded_lines": 0}, "missing_lines": [38, 39, 40, 41, 42, 43, 44, 46, 52, 53, 54, 55, 56, 57, 58, 60, 65, 66, 68, 69, 70, 71, 72, 77, 78], "excluded_lines": []}}}, "src/core/error_utils.py": {"executed_lines": [1, 3, 6, 25, 52, 71, 105], "summary": {"covered_lines": 6, "num_statements": 27, "percent_covered": 22.22222222222222, "percent_covered_display": "22", "missing_lines": 21, "excluded_lines": 0}, "missing_lines": [16, 18, 37, 39, 40, 41, 49, 62, 64, 77, 80, 82, 83, 84, 85, 87, 90, 91, 93, 98, 111], "excluded_lines": [], "functions": {"raise_not_found": {"executed_lines": [], "summary": {"covered_lines": 0, "num_statements": 2, "percent_covered": 0.0, "percent_covered_display": "0", "missing_lines": 2, "excluded_lines": 0}, "missing_lines": [16, 18], "excluded_lines": []}, "raise_validation_error": {"executed_lines": [], "summary": {"covered_lines": 0, "num_statements": 5, "percent_covered": 0.0, "percent_covered_display": "0", "missing_lines": 5, "excluded_lines": 0}, "missing_lines": [37, 39, 40, 41, 49], "excluded_lines": []}, "raise_conflict": {"executed_lines": [], "summary": {"covered_lines": 0, "num_statements": 2, "percent_covered": 0.0, "percent_covered_display": "0", "missing_lines": 2, "excluded_lines": 0}, "missing_lines": [62, 64], "excluded_lines": []}, "handle_database_error": {"executed_lines": [], "summary": {"covered_lines": 0, "num_statements": 11, "percent_covered": 0.0, "percent_covered_display": "0", "missing_lines": 11, "excluded_lines": 0}, "missing_lines": [77, 80, 82, 83, 84, 85, 87, 90, 91, 93, 98], "excluded_lines": []}, "create_error_response_examples": {"executed_lines": [], "summary": {"covered_lines": 0, "num_statements": 1, "percent_covered": 0.0, "percent_covered_display": "0", "missing_lines": 1, "excluded_lines": 0}, "missing_lines": [111], "excluded_lines": []}, "": {"executed_lines": [1, 3, 6, 25, 52, 71, 105], "summary": {"covered_lines": 6, "num_statements": 6, "percent_covered": 100.0, "percent_covered_display": "100", "missing_lines": 0, "excluded_lines": 0}, "missing_lines": [], "excluded_lines": []}}, "classes": {"": {"executed_lines": [1, 3, 6, 25, 52, 71, 105], "summary": {"covered_lines": 6, "num_statements": 27, "percent_covered": 22.22222222222222, "percent_covered_display": "22", "missing_lines": 21, "excluded_lines": 0}, "missing_lines": [16, 18, 37, 39, 40, 41, 49, 62, 64, 77, 80, 82, 83, 84, 85, 87, 90, 91, 93, 98, 111], "excluded_lines": []}}}, "src/core/exceptions.py": {"executed_lines": [1, 3, 5, 8, 9, 11, 28, 29, 31, 37, 38, 40, 44, 45, 47, 51, 52, 54, 58, 59, 61, 67, 68, 70, 74, 75, 77, 83, 84, 86, 92, 93, 95], "summary": {"covered_lines": 22, "num_statements": 37, "percent_covered": 59.45945945945946, "percent_covered_display": "59", "missing_lines": 15, "excluded_lines": 0}, "missing_lines": [20, 21, 22, 23, 24, 25, 32, 41, 48, 55, 64, 71, 78, 87, 96], "excluded_lines": [], "functions": {"PlatformCoordinationError.__init__": {"executed_lines": [], "summary": {"covered_lines": 0, "num_statements": 6, "percent_covered": 0.0, "percent_covered_display": "0", "missing_lines": 6, "excluded_lines": 0}, "missing_lines": [20, 21, 22, 23, 24, 25], "excluded_lines": []}, "ValidationError.__init__": {"executed_lines": [], "summary": {"covered_lines": 0, "num_statements": 1, "percent_covered": 0.0, "percent_covered_display": "0", "missing_lines": 1, "excluded_lines": 0}, "missing_lines": [32], "excluded_lines": []}, "NotFoundError.__init__": {"executed_lines": [], "summary": {"covered_lines": 0, "num_statements": 1, "percent_covered": 0.0, "percent_covered_display": "0", "missing_lines": 1, "excluded_lines": 0}, "missing_lines": [41], "excluded_lines": []}, "ConflictError.__init__": {"executed_lines": [], "summary": {"covered_lines": 0, "num_statements": 1, "percent_covered": 0.0, "percent_covered_display": "0", "missing_lines": 1, "excluded_lines": 0}, "missing_lines": [48], "excluded_lines": []}, "UnauthorizedError.__init__": {"executed_lines": [], "summary": {"covered_lines": 0, "num_statements": 1, "percent_covered": 0.0, "percent_covered_display": "0", "missing_lines": 1, "excluded_lines": 0}, "missing_lines": [55], "excluded_lines": []}, "ForbiddenError.__init__": {"executed_lines": [], "summary": {"covered_lines": 0, "num_statements": 1, "percent_covered": 0.0, "percent_covered_display": "0", "missing_lines": 1, "excluded_lines": 0}, "missing_lines": [64], "excluded_lines": []}, "BadRequestError.__init__": {"executed_lines": [], "summary": {"covered_lines": 0, "num_statements": 1, "percent_covered": 0.0, "percent_covered_display": "0", "missing_lines": 1, "excluded_lines": 0}, "missing_lines": [71], "excluded_lines": []}, "ServiceUnavailableError.__init__": {"executed_lines": [], "summary": {"covered_lines": 0, "num_statements": 1, "percent_covered": 0.0, "percent_covered_display": "0", "missing_lines": 1, "excluded_lines": 0}, "missing_lines": [78], "excluded_lines": []}, "RateLimitError.__init__": {"executed_lines": [], "summary": {"covered_lines": 0, "num_statements": 1, "percent_covered": 0.0, "percent_covered_display": "0", "missing_lines": 1, "excluded_lines": 0}, "missing_lines": [87], "excluded_lines": []}, "InternalServerError.__init__": {"executed_lines": [], "summary": {"covered_lines": 0, "num_statements": 1, "percent_covered": 0.0, "percent_covered_display": "0", "missing_lines": 1, "excluded_lines": 0}, "missing_lines": [96], "excluded_lines": []}, "": {"executed_lines": [1, 3, 5, 8, 9, 11, 28, 29, 31, 37, 38, 40, 44, 45, 47, 51, 52, 54, 58, 59, 61, 67, 68, 70, 74, 75, 77, 83, 84, 86, 92, 93, 95], "summary": {"covered_lines": 22, "num_statements": 22, "percent_covered": 100.0, "percent_covered_display": "100", "missing_lines": 0, "excluded_lines": 0}, "missing_lines": [], "excluded_lines": []}}, "classes": {"PlatformCoordinationError": {"executed_lines": [], "summary": {"covered_lines": 0, "num_statements": 6, "percent_covered": 0.0, "percent_covered_display": "0", "missing_lines": 6, "excluded_lines": 0}, "missing_lines": [20, 21, 22, 23, 24, 25], "excluded_lines": []}, "ValidationError": {"executed_lines": [], "summary": {"covered_lines": 0, "num_statements": 1, "percent_covered": 0.0, "percent_covered_display": "0", "missing_lines": 1, "excluded_lines": 0}, "missing_lines": [32], "excluded_lines": []}, "NotFoundError": {"executed_lines": [], "summary": {"covered_lines": 0, "num_statements": 1, "percent_covered": 0.0, "percent_covered_display": "0", "missing_lines": 1, "excluded_lines": 0}, "missing_lines": [41], "excluded_lines": []}, "ConflictError": {"executed_lines": [], "summary": {"covered_lines": 0, "num_statements": 1, "percent_covered": 0.0, "percent_covered_display": "0", "missing_lines": 1, "excluded_lines": 0}, "missing_lines": [48], "excluded_lines": []}, "UnauthorizedError": {"executed_lines": [], "summary": {"covered_lines": 0, "num_statements": 1, "percent_covered": 0.0, "percent_covered_display": "0", "missing_lines": 1, "excluded_lines": 0}, "missing_lines": [55], "excluded_lines": []}, "ForbiddenError": {"executed_lines": [], "summary": {"covered_lines": 0, "num_statements": 1, "percent_covered": 0.0, "percent_covered_display": "0", "missing_lines": 1, "excluded_lines": 0}, "missing_lines": [64], "excluded_lines": []}, "BadRequestError": {"executed_lines": [], "summary": {"covered_lines": 0, "num_statements": 1, "percent_covered": 0.0, "percent_covered_display": "0", "missing_lines": 1, "excluded_lines": 0}, "missing_lines": [71], "excluded_lines": []}, "ServiceUnavailableError": {"executed_lines": [], "summary": {"covered_lines": 0, "num_statements": 1, "percent_covered": 0.0, "percent_covered_display": "0", "missing_lines": 1, "excluded_lines": 0}, "missing_lines": [78], "excluded_lines": []}, "RateLimitError": {"executed_lines": [], "summary": {"covered_lines": 0, "num_statements": 1, "percent_covered": 0.0, "percent_covered_display": "0", "missing_lines": 1, "excluded_lines": 0}, "missing_lines": [87], "excluded_lines": []}, "InternalServerError": {"executed_lines": [], "summary": {"covered_lines": 0, "num_statements": 1, "percent_covered": 0.0, "percent_covered_display": "0", "missing_lines": 1, "excluded_lines": 0}, "missing_lines": [96], "excluded_lines": []}, "": {"executed_lines": [1, 3, 5, 8, 9, 11, 28, 29, 31, 37, 38, 40, 44, 45, 47, 51, 52, 54, 58, 59, 61, 67, 68, 70, 74, 75, 77, 83, 84, 86, 92, 93, 95], "summary": {"covered_lines": 22, "num_statements": 22, "percent_covered": 100.0, "percent_covered_display": "100", "missing_lines": 0, "excluded_lines": 0}, "missing_lines": [], "excluded_lines": []}}}, "src/core/logging.py": {"executed_lines": [1, 3, 4, 5, 6, 8, 9, 12, 13, 16, 19, 34, 41, 51, 54, 64, 68, 69, 72, 73, 74, 75, 76, 80, 83, 85, 88, 101, 110, 113, 128, 158, 160, 163, 165, 168, 170, 173, 175, 178, 183, 185, 188, 190, 191, 192], "summary": {"covered_lines": 45, "num_statements": 57, "percent_covered": 78.94736842105263, "percent_covered_display": "79", "missing_lines": 12, "excluded_lines": 0}, "missing_lines": [77, 81, 124, 125, 143, 146, 148, 149, 151, 152, 154, 180], "excluded_lines": [], "functions": {"setup_logging": {"executed_lines": [34, 41, 51, 54, 64, 85, 88], "summary": {"covered_lines": 7, "num_statements": 7, "percent_covered": 100.0, "percent_covered_display": "100", "missing_lines": 0, "excluded_lines": 0}, "missing_lines": [], "excluded_lines": []}, "setup_logging.add_custom_context": {"executed_lines": [68, 69, 72, 73, 74, 75, 76, 80, 83], "summary": {"covered_lines": 9, "num_statements": 11, "percent_covered": 81.81818181818181, "percent_covered_display": "82", "missing_lines": 2, "excluded_lines": 0}, "missing_lines": [77, 81], "excluded_lines": []}, "get_logger": {"executed_lines": [110], "summary": {"covered_lines": 1, "num_statements": 1, "percent_covered": 100.0, "percent_covered_display": "100", "missing_lines": 0, "excluded_lines": 0}, "missing_lines": [], "excluded_lines": []}, "log_event": {"executed_lines": [], "summary": {"covered_lines": 0, "num_statements": 2, "percent_covered": 0.0, "percent_covered_display": "0", "missing_lines": 2, "excluded_lines": 0}, "missing_lines": [124, 125], "excluded_lines": []}, "create_request_logger": {"executed_lines": [], "summary": {"covered_lines": 0, "num_statements": 7, "percent_covered": 0.0, "percent_covered_display": "0", "missing_lines": 7, "excluded_lines": 0}, "missing_lines": [143, 146, 148, 149, 151, 152, 154], "excluded_lines": []}, "set_correlation_id": {"executed_lines": [160], "summary": {"covered_lines": 1, "num_statements": 1, "percent_covered": 100.0, "percent_covered_display": "100", "missing_lines": 0, "excluded_lines": 0}, "missing_lines": [], "excluded_lines": []}, "get_correlation_id": {"executed_lines": [165], "summary": {"covered_lines": 1, "num_statements": 1, "percent_covered": 100.0, "percent_covered_display": "100", "missing_lines": 0, "excluded_lines": 0}, "missing_lines": [], "excluded_lines": []}, "set_request_id": {"executed_lines": [170], "summary": {"covered_lines": 1, "num_statements": 1, "percent_covered": 100.0, "percent_covered_display": "100", "missing_lines": 0, "excluded_lines": 0}, "missing_lines": [], "excluded_lines": []}, "get_request_id": {"executed_lines": [175], "summary": {"covered_lines": 1, "num_statements": 1, "percent_covered": 100.0, "percent_covered_display": "100", "missing_lines": 0, "excluded_lines": 0}, "missing_lines": [], "excluded_lines": []}, "set_user_id": {"executed_lines": [], "summary": {"covered_lines": 0, "num_statements": 1, "percent_covered": 0.0, "percent_covered_display": "0", "missing_lines": 1, "excluded_lines": 0}, "missing_lines": [180], "excluded_lines": []}, "get_user_id": {"executed_lines": [185], "summary": {"covered_lines": 1, "num_statements": 1, "percent_covered": 100.0, "percent_covered_display": "100", "missing_lines": 0, "excluded_lines": 0}, "missing_lines": [], "excluded_lines": []}, "clear_context": {"executed_lines": [190, 191, 192], "summary": {"covered_lines": 3, "num_statements": 3, "percent_covered": 100.0, "percent_covered_display": "100", "missing_lines": 0, "excluded_lines": 0}, "missing_lines": [], "excluded_lines": []}, "": {"executed_lines": [1, 3, 4, 5, 6, 8, 9, 12, 13, 16, 19, 101, 113, 128, 158, 163, 168, 173, 178, 183, 188], "summary": {"covered_lines": 20, "num_statements": 20, "percent_covered": 100.0, "percent_covered_display": "100", "missing_lines": 0, "excluded_lines": 0}, "missing_lines": [], "excluded_lines": []}}, "classes": {"": {"executed_lines": [1, 3, 4, 5, 6, 8, 9, 12, 13, 16, 19, 34, 41, 51, 54, 64, 68, 69, 72, 73, 74, 75, 76, 80, 83, 85, 88, 101, 110, 113, 128, 158, 160, 163, 165, 168, 170, 173, 175, 178, 183, 185, 188, 190, 191, 192], "summary": {"covered_lines": 45, "num_statements": 57, "percent_covered": 78.94736842105263, "percent_covered_display": "79", "missing_lines": 12, "excluded_lines": 0}, "missing_lines": [77, 81, 124, 125, 143, 146, 148, 149, 151, 152, 154, 180], "excluded_lines": []}}}, "src/core/logging_utils.py": {"executed_lines": [], "summary": {"covered_lines": 0, "num_statements": 59, "percent_covered": 0.0, "percent_covered_display": "0", "missing_lines": 59, "excluded_lines": 0}, "missing_lines": [3, 4, 5, 7, 10, 28, 29, 30, 31, 34, 38, 39, 40, 42, 44, 46, 49, 54, 55, 57, 59, 61, 63, 71, 73, 74, 75, 78, 82, 83, 84, 86, 88, 90, 93, 98, 99, 101, 103, 105, 107, 115, 118, 120, 121, 123, 125, 128, 131, 133, 134, 135, 137, 139, 140, 142, 144, 145, 152], "excluded_lines": [], "functions": {"log_function_call": {"executed_lines": [], "summary": {"covered_lines": 0, "num_statements": 3, "percent_covered": 0.0, "percent_covered_display": "0", "missing_lines": 3, "excluded_lines": 0}, "missing_lines": [28, 29, 125], "excluded_lines": []}, "log_function_call.decorator": {"executed_lines": [], "summary": {"covered_lines": 0, "num_statements": 7, "percent_covered": 0.0, "percent_covered_display": "0", "missing_lines": 7, "excluded_lines": 0}, "missing_lines": [30, 73, 74, 118, 120, 121, 123], "excluded_lines": []}, "log_function_call.decorator.async_wrapper": {"executed_lines": [], "summary": {"covered_lines": 0, "num_statements": 16, "percent_covered": 0.0, "percent_covered_display": "0", "missing_lines": 16, "excluded_lines": 0}, "missing_lines": [31, 34, 38, 39, 40, 42, 44, 46, 49, 54, 55, 57, 59, 61, 63, 71], "excluded_lines": []}, "log_function_call.decorator.sync_wrapper": {"executed_lines": [], "summary": {"covered_lines": 0, "num_statements": 16, "percent_covered": 0.0, "percent_covered_display": "0", "missing_lines": 16, "excluded_lines": 0}, "missing_lines": [75, 78, 82, 83, 84, 86, 88, 90, 93, 98, 99, 101, 103, 105, 107, 115], "excluded_lines": []}, "LogContext.__init__": {"executed_lines": [], "summary": {"covered_lines": 0, "num_statements": 3, "percent_covered": 0.0, "percent_covered_display": "0", "missing_lines": 3, "excluded_lines": 0}, "missing_lines": [133, 134, 135], "excluded_lines": []}, "LogContext.__enter__": {"executed_lines": [], "summary": {"covered_lines": 0, "num_statements": 2, "percent_covered": 0.0, "percent_covered_display": "0", "missing_lines": 2, "excluded_lines": 0}, "missing_lines": [139, 140], "excluded_lines": []}, "LogContext.__exit__": {"executed_lines": [], "summary": {"covered_lines": 0, "num_statements": 3, "percent_covered": 0.0, "percent_covered_display": "0", "missing_lines": 3, "excluded_lines": 0}, "missing_lines": [144, 145, 152], "excluded_lines": []}, "": {"executed_lines": [], "summary": {"covered_lines": 0, "num_statements": 9, "percent_covered": 0.0, "percent_covered_display": "0", "missing_lines": 9, "excluded_lines": 0}, "missing_lines": [3, 4, 5, 7, 10, 128, 131, 137, 142], "excluded_lines": []}}, "classes": {"LogContext": {"executed_lines": [], "summary": {"covered_lines": 0, "num_statements": 8, "percent_covered": 0.0, "percent_covered_display": "0", "missing_lines": 8, "excluded_lines": 0}, "missing_lines": [133, 134, 135, 139, 140, 144, 145, 152], "excluded_lines": []}, "": {"executed_lines": [], "summary": {"covered_lines": 0, "num_statements": 51, "percent_covered": 0.0, "percent_covered_display": "0", "missing_lines": 51, "excluded_lines": 0}, "missing_lines": [3, 4, 5, 7, 10, 28, 29, 30, 31, 34, 38, 39, 40, 42, 44, 46, 49, 54, 55, 57, 59, 61, 63, 71, 73, 74, 75, 78, 82, 83, 84, 86, 88, 90, 93, 98, 99, 101, 103, 105, 107, 115, 118, 120, 121, 123, 125, 128, 131, 137, 142], "excluded_lines": []}}}, "src/core/middleware.py": {"executed_lines": [1, 3, 4, 5, 7, 8, 10, 19, 22, 23, 25, 28, 29, 32, 33, 36, 39, 52, 54, 57, 60, 69, 70, 72, 90, 93, 94, 96], "summary": {"covered_lines": 25, "num_statements": 39, "percent_covered": 64.1025641025641, "percent_covered_display": "64", "missing_lines": 14, "excluded_lines": 0}, "missing_lines": [74, 76, 79, 87, 99, 100, 103, 104, 106, 107, 108, 109, 110, 112], "excluded_lines": [], "functions": {"LoggingMiddleware.dispatch": {"executed_lines": [28, 29, 32, 33, 36, 39, 52, 54, 57, 60, 69, 70, 72, 90], "summary": {"covered_lines": 14, "num_statements": 18, "percent_covered": 77.77777777777777, "percent_covered_display": "78", "missing_lines": 4, "excluded_lines": 0}, "missing_lines": [74, 76, 79, 87], "excluded_lines": []}, "RequestIDMiddleware.dispatch": {"executed_lines": [], "summary": {"covered_lines": 0, "num_statements": 10, "percent_covered": 0.0, "percent_covered_display": "0", "missing_lines": 10, "excluded_lines": 0}, "missing_lines": [99, 100, 103, 104, 106, 107, 108, 109, 110, 112], "excluded_lines": []}, "": {"executed_lines": [1, 3, 4, 5, 7, 8, 10, 19, 22, 23, 25, 93, 94, 96], "summary": {"covered_lines": 11, "num_statements": 11, "percent_covered": 100.0, "percent_covered_display": "100", "missing_lines": 0, "excluded_lines": 0}, "missing_lines": [], "excluded_lines": []}}, "classes": {"LoggingMiddleware": {"executed_lines": [28, 29, 32, 33, 36, 39, 52, 54, 57, 60, 69, 70, 72, 90], "summary": {"covered_lines": 14, "num_statements": 18, "percent_covered": 77.77777777777777, "percent_covered_display": "78", "missing_lines": 4, "excluded_lines": 0}, "missing_lines": [74, 76, 79, 87], "excluded_lines": []}, "RequestIDMiddleware": {"executed_lines": [], "summary": {"covered_lines": 0, "num_statements": 10, "percent_covered": 0.0, "percent_covered_display": "0", "missing_lines": 10, "excluded_lines": 0}, "missing_lines": [99, 100, 103, 104, 106, 107, 108, 109, 110, 112], "excluded_lines": []}, "": {"executed_lines": [1, 3, 4, 5, 7, 8, 10, 19, 22, 23, 25, 93, 94, 96], "summary": {"covered_lines": 11, "num_statements": 11, "percent_covered": 100.0, "percent_covered_display": "100", "missing_lines": 0, "excluded_lines": 0}, "missing_lines": [], "excluded_lines": []}}}, "src/core/models/__init__.py": {"executed_lines": [1, 3, 5], "summary": {"covered_lines": 2, "num_statements": 2, "percent_covered": 100.0, "percent_covered_display": "100", "missing_lines": 0, "excluded_lines": 0}, "missing_lines": [], "excluded_lines": [], "functions": {"": {"executed_lines": [1, 3, 5], "summary": {"covered_lines": 2, "num_statements": 2, "percent_covered": 100.0, "percent_covered_display": "100", "missing_lines": 0, "excluded_lines": 0}, "missing_lines": [], "excluded_lines": []}}, "classes": {"": {"executed_lines": [1, 3, 5], "summary": {"covered_lines": 2, "num_statements": 2, "percent_covered": 100.0, "percent_covered_display": "100", "missing_lines": 0, "excluded_lines": 0}, "missing_lines": [], "excluded_lines": []}}}, "src/core/models/errors.py": {"executed_lines": [1, 3, 4, 6, 9, 10, 12, 13, 14, 17, 18, 20, 22, 23, 24, 27, 30, 33, 34, 37, 40, 42, 43, 45, 48, 49, 52, 53], "summary": {"covered_lines": 24, "num_statements": 24, "percent_covered": 100.0, "percent_covered_display": "100", "missing_lines": 0, "excluded_lines": 0}, "missing_lines": [], "excluded_lines": [], "functions": {"ErrorResponse.serialize_timestamp": {"executed_lines": [45], "summary": {"covered_lines": 1, "num_statements": 1, "percent_covered": 100.0, "percent_covered_display": "100", "missing_lines": 0, "excluded_lines": 0}, "missing_lines": [], "excluded_lines": []}, "": {"executed_lines": [1, 3, 4, 6, 9, 10, 12, 13, 14, 17, 18, 20, 22, 23, 24, 27, 30, 33, 34, 37, 40, 42, 43, 48, 49, 52, 53], "summary": {"covered_lines": 23, "num_statements": 23, "percent_covered": 100.0, "percent_covered_display": "100", "missing_lines": 0, "excluded_lines": 0}, "missing_lines": [], "excluded_lines": []}}, "classes": {"ErrorDetail": {"executed_lines": [], "summary": {"covered_lines": 0, "num_statements": 0, "percent_covered": 100.0, "percent_covered_display": "100", "missing_lines": 0, "excluded_lines": 0}, "missing_lines": [], "excluded_lines": []}, "ErrorResponse": {"executed_lines": [45], "summary": {"covered_lines": 1, "num_statements": 1, "percent_covered": 100.0, "percent_covered_display": "100", "missing_lines": 0, "excluded_lines": 0}, "missing_lines": [], "excluded_lines": []}, "ValidationErrorDetail": {"executed_lines": [], "summary": {"covered_lines": 0, "num_statements": 0, "percent_covered": 100.0, "percent_covered_display": "100", "missing_lines": 0, "excluded_lines": 0}, "missing_lines": [], "excluded_lines": []}, "": {"executed_lines": [1, 3, 4, 6, 9, 10, 12, 13, 14, 17, 18, 20, 22, 23, 24, 27, 30, 33, 34, 37, 40, 42, 43, 48, 49, 52, 53], "summary": {"covered_lines": 23, "num_statements": 23, "percent_covered": 100.0, "percent_covered_display": "100", "missing_lines": 0, "excluded_lines": 0}, "missing_lines": [], "excluded_lines": []}}}, "src/main.py": {"executed_lines": [], "summary": {"covered_lines": 0, "num_statements": 24, "percent_covered": 0.0, "percent_covered_display": "0", "missing_lines": 24, "excluded_lines": 0}, "missing_lines": [3, 5, 6, 7, 9, 13, 14, 18, 20, 21, 23, 74, 101, 102, 105, 114, 117, 120, 123, 132, 133, 136, 164, 166], "excluded_lines": [], "functions": {"custom_openapi": {"executed_lines": [], "summary": {"covered_lines": 0, "num_statements": 6, "percent_covered": 0.0, "percent_covered_display": "0", "missing_lines": 6, "excluded_lines": 0}, "missing_lines": [20, 21, 23, 74, 101, 102], "excluded_lines": []}, "root": {"executed_lines": [], "summary": {"covered_lines": 0, "num_statements": 1, "percent_covered": 0.0, "percent_covered_display": "0", "missing_lines": 1, "excluded_lines": 0}, "missing_lines": [166], "excluded_lines": []}, "": {"executed_lines": [], "summary": {"covered_lines": 0, "num_statements": 17, "percent_covered": 0.0, "percent_covered_display": "0", "missing_lines": 17, "excluded_lines": 0}, "missing_lines": [3, 5, 6, 7, 9, 13, 14, 18, 105, 114, 117, 120, 123, 132, 133, 136, 164], "excluded_lines": []}}, "classes": {"": {"executed_lines": [], "summary": {"covered_lines": 0, "num_statements": 24, "percent_covered": 0.0, "percent_covered_display": "0", "missing_lines": 24, "excluded_lines": 0}, "missing_lines": [3, 5, 6, 7, 9, 13, 14, 18, 20, 21, 23, 74, 101, 102, 105, 114, 117, 120, 123, 132, 133, 136, 164, 166], "excluded_lines": []}}}, "src/main_db.py": {"executed_lines": [1, 3, 4, 5, 7, 8, 9, 11, 15, 16, 17, 18, 19, 20, 23, 29, 32, 33, 56, 151, 161, 164, 165, 168, 171, 180, 181, 182, 189, 219], "summary": {"covered_lines": 29, "num_statements": 51, "percent_covered": 56.86274509803921, "percent_covered_display": "57", "missing_lines": 22, "excluded_lines": 0}, "missing_lines": [36, 39, 40, 41, 42, 43, 44, 47, 50, 51, 52, 58, 59, 61, 120, 147, 148, 221, 227, 228, 230, 232], "excluded_lines": [], "functions": {"lifespan": {"executed_lines": [], "summary": {"covered_lines": 0, "num_statements": 11, "percent_covered": 0.0, "percent_covered_display": "0", "missing_lines": 11, "excluded_lines": 0}, "missing_lines": [36, 39, 40, 41, 42, 43, 44, 47, 50, 51, 52], "excluded_lines": []}, "custom_openapi": {"executed_lines": [], "summary": {"covered_lines": 0, "num_statements": 6, "percent_covered": 0.0, "percent_covered_display": "0", "missing_lines": 6, "excluded_lines": 0}, "missing_lines": [58, 59, 61, 120, 147, 148], "excluded_lines": []}, "root": {"executed_lines": [], "summary": {"covered_lines": 0, "num_statements": 5, "percent_covered": 0.0, "percent_covered_display": "0", "missing_lines": 5, "excluded_lines": 0}, "missing_lines": [221, 227, 228, 230, 232], "excluded_lines": []}, "": {"executed_lines": [1, 3, 4, 5, 7, 8, 9, 11, 15, 16, 17, 18, 19, 20, 23, 29, 32, 33, 56, 151, 161, 164, 165, 168, 171, 180, 181, 182, 189, 219], "summary": {"covered_lines": 29, "num_statements": 29, "percent_covered": 100.0, "percent_covered_display": "100", "missing_lines": 0, "excluded_lines": 0}, "missing_lines": [], "excluded_lines": []}}, "classes": {"": {"executed_lines": [1, 3, 4, 5, 7, 8, 9, 11, 15, 16, 17, 18, 19, 20, 23, 29, 32, 33, 56, 151, 161, 164, 165, 168, 171, 180, 181, 182, 189, 219], "summary": {"covered_lines": 29, "num_statements": 51, "percent_covered": 56.86274509803921, "percent_covered_display": "57", "missing_lines": 22, "excluded_lines": 0}, "missing_lines": [36, 39, 40, 41, 42, 43, 44, 47, 50, 51, 52, 58, 59, 61, 120, 147, 148, 221, 227, 228, 230, 232], "excluded_lines": []}}}, "src/models/__init__.py": {"executed_lines": [1, 3, 5], "summary": {"covered_lines": 2, "num_statements": 2, "percent_covered": 100.0, "percent_covered_display": "100", "missing_lines": 0, "excluded_lines": 0}, "missing_lines": [], "excluded_lines": [], "functions": {"": {"executed_lines": [1, 3, 5], "summary": {"covered_lines": 2, "num_statements": 2, "percent_covered": 100.0, "percent_covered_display": "100", "missing_lines": 0, "excluded_lines": 0}, "missing_lines": [], "excluded_lines": []}}, "classes": {"": {"executed_lines": [1, 3, 5], "summary": {"covered_lines": 2, "num_statements": 2, "percent_covered": 100.0, "percent_covered_display": "100", "missing_lines": 0, "excluded_lines": 0}, "missing_lines": [], "excluded_lines": []}}}, "src/models/service.py": {"executed_lines": [1, 3, 4, 5, 6, 8, 18, 19, 21, 24, 25, 27, 28, 29, 30, 31, 32, 33, 36, 37, 39, 40, 41, 42, 43, 44, 45, 46, 49, 50, 52, 55, 58, 59, 62, 63, 70, 73, 76, 77, 78, 79, 84, 87, 90, 93, 101, 104, 109, 113, 118, 119, 121, 123, 126, 131, 132, 133, 138, 140], "summary": {"covered_lines": 55, "num_statements": 57, "percent_covered": 96.49122807017544, "percent_covered_display": "96", "missing_lines": 2, "excluded_lines": 0}, "missing_lines": [115, 142], "excluded_lines": [], "functions": {"Service.__repr__": {"executed_lines": [], "summary": {"covered_lines": 0, "num_statements": 1, "percent_covered": 0.0, "percent_covered_display": "0", "missing_lines": 1, "excluded_lines": 0}, "missing_lines": [115], "excluded_lines": []}, "ServiceEvent.__repr__": {"executed_lines": [], "summary": {"covered_lines": 0, "num_statements": 1, "percent_covered": 0.0, "percent_covered_display": "0", "missing_lines": 1, "excluded_lines": 0}, "missing_lines": [142], "excluded_lines": []}, "": {"executed_lines": [1, 3, 4, 5, 6, 8, 18, 19, 21, 24, 25, 27, 28, 29, 30, 31, 32, 33, 36, 37, 39, 40, 41, 42, 43, 44, 45, 46, 49, 50, 52, 55, 58, 59, 62, 63, 70, 73, 76, 77, 78, 79, 84, 87, 90, 93, 101, 104, 109, 113, 118, 119, 121, 123, 126, 131, 132, 133, 138, 140], "summary": {"covered_lines": 55, "num_statements": 55, "percent_covered": 100.0, "percent_covered_display": "100", "missing_lines": 0, "excluded_lines": 0}, "missing_lines": [], "excluded_lines": []}}, "classes": {"ServiceStatus": {"executed_lines": [], "summary": {"covered_lines": 0, "num_statements": 0, "percent_covered": 100.0, "percent_covered_display": "100", "missing_lines": 0, "excluded_lines": 0}, "missing_lines": [], "excluded_lines": []}, "ServiceType": {"executed_lines": [], "summary": {"covered_lines": 0, "num_statements": 0, "percent_covered": 100.0, "percent_covered_display": "100", "missing_lines": 0, "excluded_lines": 0}, "missing_lines": [], "excluded_lines": []}, "Service": {"executed_lines": [], "summary": {"covered_lines": 0, "num_statements": 1, "percent_covered": 0.0, "percent_covered_display": "0", "missing_lines": 1, "excluded_lines": 0}, "missing_lines": [115], "excluded_lines": []}, "ServiceEvent": {"executed_lines": [], "summary": {"covered_lines": 0, "num_statements": 1, "percent_covered": 0.0, "percent_covered_display": "0", "missing_lines": 1, "excluded_lines": 0}, "missing_lines": [142], "excluded_lines": []}, "": {"executed_lines": [1, 3, 4, 5, 6, 8, 18, 19, 21, 24, 25, 27, 28, 29, 30, 31, 32, 33, 36, 37, 39, 40, 41, 42, 43, 44, 45, 46, 49, 50, 52, 55, 58, 59, 62, 63, 70, 73, 76, 77, 78, 79, 84, 87, 90, 93, 101, 104, 109, 113, 118, 119, 121, 123, 126, 131, 132, 133, 138, 140], "summary": {"covered_lines": 55, "num_statements": 55, "percent_covered": 100.0, "percent_covered_display": "100", "missing_lines": 0, "excluded_lines": 0}, "missing_lines": [], "excluded_lines": []}}}, "src/platform_coordination/__init__.py": {"executed_lines": [1, 6], "summary": {"covered_lines": 1, "num_statements": 1, "percent_covered": 100.0, "percent_covered_display": "100", "missing_lines": 0, "excluded_lines": 0}, "missing_lines": [], "excluded_lines": [], "functions": {"": {"executed_lines": [1, 6], "summary": {"covered_lines": 1, "num_statements": 1, "percent_covered": 100.0, "percent_covered_display": "100", "missing_lines": 0, "excluded_lines": 0}, "missing_lines": [], "excluded_lines": []}}, "classes": {"": {"executed_lines": [1, 6], "summary": {"covered_lines": 1, "num_statements": 1, "percent_covered": 100.0, "percent_covered_display": "100", "missing_lines": 0, "excluded_lines": 0}, "missing_lines": [], "excluded_lines": []}}}, "src/platform_coordination/api/__init__.py": {"executed_lines": [1], "summary": {"covered_lines": 0, "num_statements": 0, "percent_covered": 100.0, "percent_covered_display": "100", "missing_lines": 0, "excluded_lines": 0}, "missing_lines": [], "excluded_lines": [], "functions": {"": {"executed_lines": [1], "summary": {"covered_lines": 0, "num_statements": 0, "percent_covered": 100.0, "percent_covered_display": "100", "missing_lines": 0, "excluded_lines": 0}, "missing_lines": [], "excluded_lines": []}}, "classes": {"": {"executed_lines": [1], "summary": {"covered_lines": 0, "num_statements": 0, "percent_covered": 100.0, "percent_covered_display": "100", "missing_lines": 0, "excluded_lines": 0}, "missing_lines": [], "excluded_lines": []}}}, "src/platform_coordination/api/health.py": {"executed_lines": [], "summary": {"covered_lines": 0, "num_statements": 14, "percent_covered": 0.0, "percent_covered_display": "0", "missing_lines": 14, "excluded_lines": 0}, "missing_lines": [3, 4, 6, 8, 10, 13, 14, 16, 24, 25, 28, 37, 38, 40], "excluded_lines": [], "functions": {"health_check": {"executed_lines": [], "summary": {"covered_lines": 0, "num_statements": 1, "percent_covered": 0.0, "percent_covered_display": "0", "missing_lines": 1, "excluded_lines": 0}, "missing_lines": [16], "excluded_lines": []}, "readiness_check": {"executed_lines": [], "summary": {"covered_lines": 0, "num_statements": 1, "percent_covered": 0.0, "percent_covered_display": "0", "missing_lines": 1, "excluded_lines": 0}, "missing_lines": [28], "excluded_lines": []}, "liveness_check": {"executed_lines": [], "summary": {"covered_lines": 0, "num_statements": 1, "percent_covered": 0.0, "percent_covered_display": "0", "missing_lines": 1, "excluded_lines": 0}, "missing_lines": [40], "excluded_lines": []}, "": {"executed_lines": [], "summary": {"covered_lines": 0, "num_statements": 11, "percent_covered": 0.0, "percent_covered_display": "0", "missing_lines": 11, "excluded_lines": 0}, "missing_lines": [3, 4, 6, 8, 10, 13, 14, 24, 25, 37, 38], "excluded_lines": []}}, "classes": {"": {"executed_lines": [], "summary": {"covered_lines": 0, "num_statements": 14, "percent_covered": 0.0, "percent_covered_display": "0", "missing_lines": 14, "excluded_lines": 0}, "missing_lines": [3, 4, 6, 8, 10, 13, 14, 16, 24, 25, 28, 37, 38, 40], "excluded_lines": []}}}, "src/platform_coordination/api/services.py": {"executed_lines": [], "summary": {"covered_lines": 0, "num_statements": 60, "percent_covered": 0.0, "percent_covered_display": "0", "missing_lines": 60, "excluded_lines": 0}, "missing_lines": [3, 4, 5, 7, 8, 10, 17, 18, 21, 24, 25, 28, 29, 30, 35, 36, 38, 40, 41, 48, 49, 55, 56, 70, 71, 74, 75, 87, 90, 91, 93, 94, 96, 97, 98, 99, 100, 101, 103, 109, 112, 113, 115, 116, 117, 118, 120, 123, 124, 126, 127, 128, 131, 133, 138, 139, 146, 152, 153, 159], "excluded_lines": [], "functions": {"register_service": {"executed_lines": [], "summary": {"covered_lines": 0, "num_statements": 14, "percent_covered": 0.0, "percent_covered_display": "0", "missing_lines": 14, "excluded_lines": 0}, "missing_lines": [28, 29, 30, 35, 36, 38, 40, 41, 48, 49, 55, 56, 70, 71], "excluded_lines": []}, "list_services": {"executed_lines": [], "summary": {"covered_lines": 0, "num_statements": 13, "percent_covered": 0.0, "percent_covered_display": "0", "missing_lines": 13, "excluded_lines": 0}, "missing_lines": [87, 90, 91, 93, 94, 96, 97, 98, 99, 100, 101, 103, 109], "excluded_lines": []}, "get_service": {"executed_lines": [], "summary": {"covered_lines": 0, "num_statements": 5, "percent_covered": 0.0, "percent_covered_display": "0", "missing_lines": 5, "excluded_lines": 0}, "missing_lines": [115, 116, 117, 118, 120], "excluded_lines": []}, "unregister_service": {"executed_lines": [], "summary": {"covered_lines": 0, "num_statements": 5, "percent_covered": 0.0, "percent_covered_display": "0", "missing_lines": 5, "excluded_lines": 0}, "missing_lines": [126, 127, 128, 131, 133], "excluded_lines": []}, "discover_services": {"executed_lines": [], "summary": {"covered_lines": 0, "num_statements": 4, "percent_covered": 0.0, "percent_covered_display": "0", "missing_lines": 4, "excluded_lines": 0}, "missing_lines": [146, 152, 153, 159], "excluded_lines": []}, "": {"executed_lines": [], "summary": {"covered_lines": 0, "num_statements": 19, "percent_covered": 0.0, "percent_covered_display": "0", "missing_lines": 19, "excluded_lines": 0}, "missing_lines": [3, 4, 5, 7, 8, 10, 17, 18, 21, 24, 25, 74, 75, 112, 113, 123, 124, 138, 139], "excluded_lines": []}}, "classes": {"": {"executed_lines": [], "summary": {"covered_lines": 0, "num_statements": 60, "percent_covered": 0.0, "percent_covered_display": "0", "missing_lines": 60, "excluded_lines": 0}, "missing_lines": [3, 4, 5, 7, 8, 10, 17, 18, 21, 24, 25, 28, 29, 30, 35, 36, 38, 40, 41, 48, 49, 55, 56, 70, 71, 74, 75, 87, 90, 91, 93, 94, 96, 97, 98, 99, 100, 101, 103, 109, 112, 113, 115, 116, 117, 118, 120, 123, 124, 126, 127, 128, 131, 133, 138, 139, 146, 152, 153, 159], "excluded_lines": []}}}, "src/platform_coordination/api/services_db.py": {"executed_lines": [1, 3, 4, 6, 7, 8, 10, 17, 18, 19, 20, 21, 22, 24, 25, 28, 31, 32, 40, 55, 56, 61, 64, 105, 134, 135, 148, 151, 152, 153, 154, 159, 175, 176, 181, 183, 191, 192, 197, 200, 213, 214, 222, 224, 240, 241, 247, 249], "summary": {"covered_lines": 47, "num_statements": 84, "percent_covered": 55.95238095238095, "percent_covered_display": "56", "missing_lines": 37, "excluded_lines": 0}, "missing_lines": [68, 70, 76, 86, 87, 89, 92, 93, 106, 109, 112, 113, 118, 127, 128, 131, 155, 156, 166, 172, 184, 185, 186, 188, 201, 202, 205, 208, 209, 210, 229, 230, 235, 237, 250, 251, 253], "excluded_lines": [], "functions": {"_convert_to_service_info": {"executed_lines": [31, 32, 40], "summary": {"covered_lines": 3, "num_statements": 3, "percent_covered": 100.0, "percent_covered_display": "100", "missing_lines": 0, "excluded_lines": 0}, "missing_lines": [], "excluded_lines": []}, "register_service": {"executed_lines": [61, 64, 105], "summary": {"covered_lines": 3, "num_statements": 19, "percent_covered": 15.789473684210526, "percent_covered_display": "16", "missing_lines": 16, "excluded_lines": 0}, "missing_lines": [68, 70, 76, 86, 87, 89, 92, 93, 106, 109, 112, 113, 118, 127, 128, 131], "excluded_lines": []}, "list_services": {"executed_lines": [148, 151, 152, 153, 154, 159], "summary": {"covered_lines": 6, "num_statements": 10, "percent_covered": 60.0, "percent_covered_display": "60", "missing_lines": 4, "excluded_lines": 0}, "missing_lines": [155, 156, 166, 172], "excluded_lines": []}, "get_service": {"executed_lines": [181, 183], "summary": {"covered_lines": 2, "num_statements": 6, "percent_covered": 33.333333333333336, "percent_covered_display": "33", "missing_lines": 4, "excluded_lines": 0}, "missing_lines": [184, 185, 186, 188], "excluded_lines": []}, "unregister_service": {"executed_lines": [197, 200], "summary": {"covered_lines": 2, "num_statements": 8, "percent_covered": 25.0, "percent_covered_display": "25", "missing_lines": 6, "excluded_lines": 0}, "missing_lines": [201, 202, 205, 208, 209, 210], "excluded_lines": []}, "discover_services": {"executed_lines": [222, 224], "summary": {"covered_lines": 2, "num_statements": 6, "percent_covered": 33.333333333333336, "percent_covered_display": "33", "missing_lines": 4, "excluded_lines": 0}, "missing_lines": [229, 230, 235, 237], "excluded_lines": []}, "update_health_status": {"executed_lines": [247, 249], "summary": {"covered_lines": 2, "num_statements": 5, "percent_covered": 40.0, "percent_covered_display": "40", "missing_lines": 3, "excluded_lines": 0}, "missing_lines": [250, 251, 253], "excluded_lines": []}, "": {"executed_lines": [1, 3, 4, 6, 7, 8, 10, 17, 18, 19, 20, 21, 22, 24, 25, 28, 55, 56, 134, 135, 175, 176, 191, 192, 213, 214, 240, 241], "summary": {"covered_lines": 27, "num_statements": 27, "percent_covered": 100.0, "percent_covered_display": "100", "missing_lines": 0, "excluded_lines": 0}, "missing_lines": [], "excluded_lines": []}}, "classes": {"": {"executed_lines": [1, 3, 4, 6, 7, 8, 10, 17, 18, 19, 20, 21, 22, 24, 25, 28, 31, 32, 40, 55, 56, 61, 64, 105, 134, 135, 148, 151, 152, 153, 154, 159, 175, 176, 181, 183, 191, 192, 197, 200, 213, 214, 222, 224, 240, 241, 247, 249], "summary": {"covered_lines": 47, "num_statements": 84, "percent_covered": 55.95238095238095, "percent_covered_display": "56", "missing_lines": 37, "excluded_lines": 0}, "missing_lines": [68, 70, 76, 86, 87, 89, 92, 93, 106, 109, 112, 113, 118, 127, 128, 131, 155, 156, 166, 172, 184, 185, 186, 188, 201, 202, 205, 208, 209, 210, 229, 230, 235, 237, 250, 251, 253], "excluded_lines": []}}}, "src/platform_coordination/core/__init__.py": {"executed_lines": [], "summary": {"covered_lines": 0, "num_statements": 0, "percent_covered": 100.0, "percent_covered_display": "100", "missing_lines": 0, "excluded_lines": 0}, "missing_lines": [], "excluded_lines": [], "functions": {"": {"executed_lines": [], "summary": {"covered_lines": 0, "num_statements": 0, "percent_covered": 100.0, "percent_covered_display": "100", "missing_lines": 0, "excluded_lines": 0}, "missing_lines": [], "excluded_lines": []}}, "classes": {"": {"executed_lines": [], "summary": {"covered_lines": 0, "num_statements": 0, "percent_covered": 100.0, "percent_covered_display": "100", "missing_lines": 0, "excluded_lines": 0}, "missing_lines": [], "excluded_lines": []}}}, "src/platform_coordination/core/config.py": {"executed_lines": [], "summary": {"covered_lines": 0, "num_statements": 15, "percent_covered": 0.0, "percent_covered_display": "0", "missing_lines": 15, "excluded_lines": 0}, "missing_lines": [3, 6, 9, 16, 17, 18, 21, 22, 25, 28, 31, 32, 35, 36, 39], "excluded_lines": [], "functions": {"": {"executed_lines": [], "summary": {"covered_lines": 0, "num_statements": 15, "percent_covered": 0.0, "percent_covered_display": "0", "missing_lines": 15, "excluded_lines": 0}, "missing_lines": [3, 6, 9, 16, 17, 18, 21, 22, 25, 28, 31, 32, 35, 36, 39], "excluded_lines": []}}, "classes": {"Settings": {"executed_lines": [], "summary": {"covered_lines": 0, "num_statements": 0, "percent_covered": 100.0, "percent_covered_display": "100", "missing_lines": 0, "excluded_lines": 0}, "missing_lines": [], "excluded_lines": []}, "": {"executed_lines": [], "summary": {"covered_lines": 0, "num_statements": 15, "percent_covered": 0.0, "percent_covered_display": "0", "missing_lines": 15, "excluded_lines": 0}, "missing_lines": [3, 6, 9, 16, 17, 18, 21, 22, 25, 28, 31, 32, 35, 36, 39], "excluded_lines": []}}}, "src/platform_coordination/core/logging.py": {"executed_lines": [], "summary": {"covered_lines": 0, "num_statements": 17, "percent_covered": 0.0, "percent_covered_display": "0", "missing_lines": 17, "excluded_lines": 0}, "missing_lines": [3, 4, 5, 7, 8, 10, 13, 17, 24, 26, 37, 39, 42, 44, 51, 54, 56], "excluded_lines": [], "functions": {"setup_logging": {"executed_lines": [], "summary": {"covered_lines": 0, "num_statements": 8, "percent_covered": 0.0, "percent_covered_display": "0", "missing_lines": 8, "excluded_lines": 0}, "missing_lines": [17, 24, 26, 37, 39, 42, 44, 51], "excluded_lines": []}, "get_logger": {"executed_lines": [], "summary": {"covered_lines": 0, "num_statements": 1, "percent_covered": 0.0, "percent_covered_display": "0", "missing_lines": 1, "excluded_lines": 0}, "missing_lines": [56], "excluded_lines": []}, "": {"executed_lines": [], "summary": {"covered_lines": 0, "num_statements": 8, "percent_covered": 0.0, "percent_covered_display": "0", "missing_lines": 8, "excluded_lines": 0}, "missing_lines": [3, 4, 5, 7, 8, 10, 13, 54], "excluded_lines": []}}, "classes": {"": {"executed_lines": [], "summary": {"covered_lines": 0, "num_statements": 17, "percent_covered": 0.0, "percent_covered_display": "0", "missing_lines": 17, "excluded_lines": 0}, "missing_lines": [3, 4, 5, 7, 8, 10, 13, 17, 24, 26, 37, 39, 42, 44, 51, 54, 56], "excluded_lines": []}}}, "src/platform_coordination/main.py": {"executed_lines": [], "summary": {"covered_lines": 0, "num_statements": 31, "percent_covered": 0.0, "percent_covered_display": "0", "missing_lines": 31, "excluded_lines": 0}, "missing_lines": [3, 4, 6, 7, 9, 10, 11, 12, 16, 17, 18, 21, 24, 25, 27, 31, 34, 37, 39, 48, 51, 54, 63, 66, 67, 68, 70, 73, 76, 77, 79], "excluded_lines": [], "functions": {"lifespan": {"executed_lines": [], "summary": {"covered_lines": 0, "num_statements": 3, "percent_covered": 0.0, "percent_covered_display": "0", "missing_lines": 3, "excluded_lines": 0}, "missing_lines": [27, 31, 34], "excluded_lines": []}, "create_app": {"executed_lines": [], "summary": {"covered_lines": 0, "num_statements": 9, "percent_covered": 0.0, "percent_covered_display": "0", "missing_lines": 9, "excluded_lines": 0}, "missing_lines": [39, 48, 51, 54, 63, 66, 67, 68, 70], "excluded_lines": []}, "": {"executed_lines": [], "summary": {"covered_lines": 0, "num_statements": 19, "percent_covered": 0.0, "percent_covered_display": "0", "missing_lines": 19, "excluded_lines": 0}, "missing_lines": [3, 4, 6, 7, 9, 10, 11, 12, 16, 17, 18, 21, 24, 25, 37, 73, 76, 77, 79], "excluded_lines": []}}, "classes": {"": {"executed_lines": [], "summary": {"covered_lines": 0, "num_statements": 31, "percent_covered": 0.0, "percent_covered_display": "0", "missing_lines": 31, "excluded_lines": 0}, "missing_lines": [3, 4, 6, 7, 9, 10, 11, 12, 16, 17, 18, 21, 24, 25, 27, 31, 34, 37, 39, 48, 51, 54, 63, 66, 67, 68, 70, 73, 76, 77, 79], "excluded_lines": []}}}, "src/platform_coordination/models/__init__.py": {"executed_lines": [1], "summary": {"covered_lines": 0, "num_statements": 0, "percent_covered": 100.0, "percent_covered_display": "100", "missing_lines": 0, "excluded_lines": 0}, "missing_lines": [], "excluded_lines": [], "functions": {"": {"executed_lines": [1], "summary": {"covered_lines": 0, "num_statements": 0, "percent_covered": 100.0, "percent_covered_display": "100", "missing_lines": 0, "excluded_lines": 0}, "missing_lines": [], "excluded_lines": []}}, "classes": {"": {"executed_lines": [1], "summary": {"covered_lines": 0, "num_statements": 0, "percent_covered": 100.0, "percent_covered_display": "100", "missing_lines": 0, "excluded_lines": 0}, "missing_lines": [], "excluded_lines": []}}}, "src/platform_coordination/models/service.py": {"executed_lines": [1, 3, 4, 5, 7, 10, 11, 13, 14, 15, 16, 19, 20, 22, 23, 24, 25, 26, 27, 30, 31, 33, 34, 35, 36, 37, 40, 41, 43, 44, 45, 46, 47, 48, 50, 51, 52, 54, 58, 61, 62, 64, 65, 66, 67, 68, 69, 70, 71, 72, 73, 74, 76, 77, 81, 82, 86, 87, 89, 92, 93, 95, 96, 97, 98, 99, 100, 102, 103], "summary": {"covered_lines": 62, "num_statements": 66, "percent_covered": 93.93939393939394, "percent_covered_display": "94", "missing_lines": 4, "excluded_lines": 0}, "missing_lines": [55, 79, 84, 105], "excluded_lines": [], "functions": {"ServiceRegistration.validate_name": {"executed_lines": [54, 58], "summary": {"covered_lines": 2, "num_statements": 3, "percent_covered": 66.66666666666667, "percent_covered_display": "67", "missing_lines": 1, "excluded_lines": 0}, "missing_lines": [55], "excluded_lines": []}, "ServiceInfo.url": {"executed_lines": [], "summary": {"covered_lines": 0, "num_statements": 1, "percent_covered": 0.0, "percent_covered_display": "0", "missing_lines": 1, "excluded_lines": 0}, "missing_lines": [79], "excluded_lines": []}, "ServiceInfo.health_url": {"executed_lines": [], "summary": {"covered_lines": 0, "num_statements": 1, "percent_covered": 0.0, "percent_covered_display": "0", "missing_lines": 1, "excluded_lines": 0}, "missing_lines": [84], "excluded_lines": []}, "ServiceInfo.serialize_datetime": {"executed_lines": [89], "summary": {"covered_lines": 1, "num_statements": 1, "percent_covered": 100.0, "percent_covered_display": "100", "missing_lines": 0, "excluded_lines": 0}, "missing_lines": [], "excluded_lines": []}, "ServiceHealth.serialize_checked_at": {"executed_lines": [], "summary": {"covered_lines": 0, "num_statements": 1, "percent_covered": 0.0, "percent_covered_display": "0", "missing_lines": 1, "excluded_lines": 0}, "missing_lines": [105], "excluded_lines": []}, "": {"executed_lines": [1, 3, 4, 5, 7, 10, 11, 13, 14, 15, 16, 19, 20, 22, 23, 24, 25, 26, 27, 30, 31, 33, 34, 35, 36, 37, 40, 41, 43, 44, 45, 46, 47, 48, 50, 51, 52, 61, 62, 64, 65, 66, 67, 68, 69, 70, 71, 72, 73, 74, 76, 77, 81, 82, 86, 87, 92, 93, 95, 96, 97, 98, 99, 100, 102, 103], "summary": {"covered_lines": 59, "num_statements": 59, "percent_covered": 100.0, "percent_covered_display": "100", "missing_lines": 0, "excluded_lines": 0}, "missing_lines": [], "excluded_lines": []}}, "classes": {"ServiceStatus": {"executed_lines": [], "summary": {"covered_lines": 0, "num_statements": 0, "percent_covered": 100.0, "percent_covered_display": "100", "missing_lines": 0, "excluded_lines": 0}, "missing_lines": [], "excluded_lines": []}, "ServiceType": {"executed_lines": [], "summary": {"covered_lines": 0, "num_statements": 0, "percent_covered": 100.0, "percent_covered_display": "100", "missing_lines": 0, "excluded_lines": 0}, "missing_lines": [], "excluded_lines": []}, "ServiceMetadata": {"executed_lines": [], "summary": {"covered_lines": 0, "num_statements": 0, "percent_covered": 100.0, "percent_covered_display": "100", "missing_lines": 0, "excluded_lines": 0}, "missing_lines": [], "excluded_lines": []}, "ServiceRegistration": {"executed_lines": [54, 58], "summary": {"covered_lines": 2, "num_statements": 3, "percent_covered": 66.66666666666667, "percent_covered_display": "67", "missing_lines": 1, "excluded_lines": 0}, "missing_lines": [55], "excluded_lines": []}, "ServiceInfo": {"executed_lines": [89], "summary": {"covered_lines": 1, "num_statements": 3, "percent_covered": 33.333333333333336, "percent_covered_display": "33", "missing_lines": 2, "excluded_lines": 0}, "missing_lines": [79, 84], "excluded_lines": []}, "ServiceHealth": {"executed_lines": [], "summary": {"covered_lines": 0, "num_statements": 1, "percent_covered": 0.0, "percent_covered_display": "0", "missing_lines": 1, "excluded_lines": 0}, "missing_lines": [105], "excluded_lines": []}, "": {"executed_lines": [1, 3, 4, 5, 7, 10, 11, 13, 14, 15, 16, 19, 20, 22, 23, 24, 25, 26, 27, 30, 31, 33, 34, 35, 36, 37, 40, 41, 43, 44, 45, 46, 47, 48, 50, 51, 52, 61, 62, 64, 65, 66, 67, 68, 69, 70, 71, 72, 73, 74, 76, 77, 81, 82, 86, 87, 92, 93, 95, 96, 97, 98, 99, 100, 102, 103], "summary": {"covered_lines": 59, "num_statements": 59, "percent_covered": 100.0, "percent_covered_display": "100", "missing_lines": 0, "excluded_lines": 0}, "missing_lines": [], "excluded_lines": []}}}, "src/repositories/__init__.py": {"executed_lines": [1, 3, 5], "summary": {"covered_lines": 2, "num_statements": 2, "percent_covered": 100.0, "percent_covered_display": "100", "missing_lines": 0, "excluded_lines": 0}, "missing_lines": [], "excluded_lines": [], "functions": {"": {"executed_lines": [1, 3, 5], "summary": {"covered_lines": 2, "num_statements": 2, "percent_covered": 100.0, "percent_covered_display": "100", "missing_lines": 0, "excluded_lines": 0}, "missing_lines": [], "excluded_lines": []}}, "classes": {"": {"executed_lines": [1, 3, 5], "summary": {"covered_lines": 2, "num_statements": 2, "percent_covered": 100.0, "percent_covered_display": "100", "missing_lines": 0, "excluded_lines": 0}, "missing_lines": [], "excluded_lines": []}}}, "src/repositories/base.py": {"executed_lines": [1, 3, 4, 6, 8, 10, 13, 14, 16, 18, 20, 21, 25, 26, 30, 31, 35, 36, 40, 41], "summary": {"covered_lines": 18, "num_statements": 18, "percent_covered": 100.0, "percent_covered_display": "100", "missing_lines": 0, "excluded_lines": 10}, "missing_lines": [], "excluded_lines": [23, 24, 28, 29, 33, 34, 38, 39, 43, 44], "functions": {"BaseRepository.__init__": {"executed_lines": [18], "summary": {"covered_lines": 1, "num_statements": 1, "percent_covered": 100.0, "percent_covered_display": "100", "missing_lines": 0, "excluded_lines": 0}, "missing_lines": [], "excluded_lines": []}, "BaseRepository.create": {"executed_lines": [], "summary": {"covered_lines": 0, "num_statements": 0, "percent_covered": 100.0, "percent_covered_display": "100", "missing_lines": 0, "excluded_lines": 1}, "missing_lines": [], "excluded_lines": [23]}, "BaseRepository.get": {"executed_lines": [], "summary": {"covered_lines": 0, "num_statements": 0, "percent_covered": 100.0, "percent_covered_display": "100", "missing_lines": 0, "excluded_lines": 1}, "missing_lines": [], "excluded_lines": [28]}, "BaseRepository.update": {"executed_lines": [], "summary": {"covered_lines": 0, "num_statements": 0, "percent_covered": 100.0, "percent_covered_display": "100", "missing_lines": 0, "excluded_lines": 1}, "missing_lines": [], "excluded_lines": [33]}, "BaseRepository.delete": {"executed_lines": [], "summary": {"covered_lines": 0, "num_statements": 0, "percent_covered": 100.0, "percent_covered_display": "100", "missing_lines": 0, "excluded_lines": 1}, "missing_lines": [], "excluded_lines": [38]}, "BaseRepository.list": {"executed_lines": [], "summary": {"covered_lines": 0, "num_statements": 0, "percent_covered": 100.0, "percent_covered_display": "100", "missing_lines": 0, "excluded_lines": 1}, "missing_lines": [], "excluded_lines": [43]}, "": {"executed_lines": [1, 3, 4, 6, 8, 10, 13, 14, 16, 20, 21, 25, 26, 30, 31, 35, 36, 40, 41], "summary": {"covered_lines": 17, "num_statements": 17, "percent_covered": 100.0, "percent_covered_display": "100", "missing_lines": 0, "excluded_lines": 4}, "missing_lines": [], "excluded_lines": [24, 29, 34, 39]}}, "classes": {"BaseRepository": {"executed_lines": [18], "summary": {"covered_lines": 1, "num_statements": 1, "percent_covered": 100.0, "percent_covered_display": "100", "missing_lines": 0, "excluded_lines": 5}, "missing_lines": [], "excluded_lines": [23, 28, 33, 38, 43]}, "": {"executed_lines": [1, 3, 4, 6, 8, 10, 13, 14, 16, 20, 21, 25, 26, 30, 31, 35, 36, 40, 41], "summary": {"covered_lines": 17, "num_statements": 17, "percent_covered": 100.0, "percent_covered_display": "100", "missing_lines": 0, "excluded_lines": 4}, "missing_lines": [], "excluded_lines": [24, 29, 34, 39]}}}, "src/repositories/service.py": {"executed_lines": [1, 3, 4, 5, 6, 8, 9, 10, 12, 13, 14, 15, 17, 20, 21, 23, 25, 26, 27, 29, 49, 56, 64, 66, 67, 68, 69, 70, 72, 76, 79, 82, 84, 105, 127, 129, 152, 158, 159, 160, 161, 162, 164, 167, 168, 169, 171, 173, 174, 181, 185, 187, 190, 194, 196, 197, 202, 204, 207, 211, 256], "summary": {"covered_lines": 59, "num_statements": 130, "percent_covered": 45.38461538461539, "percent_covered_display": "45", "missing_lines": 71, "excluded_lines": 0}, "missing_lines": [30, 33, 34, 43, 44, 45, 47, 57, 58, 59, 60, 80, 85, 86, 89, 90, 91, 94, 95, 98, 99, 101, 102, 106, 114, 116, 117, 119, 125, 130, 131, 134, 139, 142, 143, 145, 150, 170, 182, 188, 198, 200, 205, 212, 213, 216, 218, 219, 220, 222, 223, 224, 226, 228, 229, 230, 233, 234, 242, 244, 245, 247, 254, 258, 260, 266, 267, 268, 270, 271, 277], "excluded_lines": [], "functions": {"ServiceRepository.create": {"executed_lines": [25, 26, 27, 29, 49, 56], "summary": {"covered_lines": 6, "num_statements": 17, "percent_covered": 35.294117647058826, "percent_covered_display": "35", "missing_lines": 11, "excluded_lines": 0}, "missing_lines": [30, 33, 34, 43, 44, 45, 47, 57, 58, 59, 60], "excluded_lines": []}, "ServiceRepository.get": {"executed_lines": [66, 67, 68, 69, 70], "summary": {"covered_lines": 5, "num_statements": 5, "percent_covered": 100.0, "percent_covered_display": "100", "missing_lines": 0, "excluded_lines": 0}, "missing_lines": [], "excluded_lines": []}, "ServiceRepository.get_by_name_host_port": {"executed_lines": [76, 79], "summary": {"covered_lines": 2, "num_statements": 3, "percent_covered": 66.66666666666667, "percent_covered_display": "67", "missing_lines": 1, "excluded_lines": 0}, "missing_lines": [80], "excluded_lines": []}, "ServiceRepository.update": {"executed_lines": [84, 105], "summary": {"covered_lines": 2, "num_statements": 19, "percent_covered": 10.526315789473685, "percent_covered_display": "11", "missing_lines": 17, "excluded_lines": 0}, "missing_lines": [85, 86, 89, 90, 91, 94, 95, 98, 99, 101, 102, 106, 114, 116, 117, 119, 125], "excluded_lines": []}, "ServiceRepository.delete": {"executed_lines": [129], "summary": {"covered_lines": 1, "num_statements": 9, "percent_covered": 11.11111111111111, "percent_covered_display": "11", "missing_lines": 8, "excluded_lines": 0}, "missing_lines": [130, 131, 134, 139, 142, 143, 145, 150], "excluded_lines": []}, "ServiceRepository.list": {"executed_lines": [158, 159, 160, 161, 162, 164, 167, 168, 169, 171, 173, 174, 181, 185, 187], "summary": {"covered_lines": 15, "num_statements": 18, "percent_covered": 83.33333333333333, "percent_covered_display": "83", "missing_lines": 3, "excluded_lines": 0}, "missing_lines": [170, 182, 188], "excluded_lines": []}, "ServiceRepository.find_by_name": {"executed_lines": [194, 196, 197, 202, 204], "summary": {"covered_lines": 5, "num_statements": 8, "percent_covered": 62.5, "percent_covered_display": "62", "missing_lines": 3, "excluded_lines": 0}, "missing_lines": [198, 200, 205], "excluded_lines": []}, "ServiceRepository.update_health_status": {"executed_lines": [211], "summary": {"covered_lines": 1, "num_statements": 21, "percent_covered": 4.761904761904762, "percent_covered_display": "5", "missing_lines": 20, "excluded_lines": 0}, "missing_lines": [212, 213, 216, 218, 219, 220, 222, 223, 224, 226, 228, 229, 230, 233, 234, 242, 244, 245, 247, 254], "excluded_lines": []}, "ServiceRepository.cleanup_stale_services": {"executed_lines": [], "summary": {"covered_lines": 0, "num_statements": 8, "percent_covered": 0.0, "percent_covered_display": "0", "missing_lines": 8, "excluded_lines": 0}, "missing_lines": [258, 260, 266, 267, 268, 270, 271, 277], "excluded_lines": []}, "": {"executed_lines": [1, 3, 4, 5, 6, 8, 9, 10, 12, 13, 14, 15, 17, 20, 21, 23, 64, 72, 82, 127, 152, 190, 207, 256], "summary": {"covered_lines": 22, "num_statements": 22, "percent_covered": 100.0, "percent_covered_display": "100", "missing_lines": 0, "excluded_lines": 0}, "missing_lines": [], "excluded_lines": []}}, "classes": {"ServiceRepository": {"executed_lines": [25, 26, 27, 29, 49, 56, 66, 67, 68, 69, 70, 76, 79, 84, 105, 129, 158, 159, 160, 161, 162, 164, 167, 168, 169, 171, 173, 174, 181, 185, 187, 194, 196, 197, 202, 204, 211], "summary": {"covered_lines": 37, "num_statements": 108, "percent_covered": 34.25925925925926, "percent_covered_display": "34", "missing_lines": 71, "excluded_lines": 0}, "missing_lines": [30, 33, 34, 43, 44, 45, 47, 57, 58, 59, 60, 80, 85, 86, 89, 90, 91, 94, 95, 98, 99, 101, 102, 106, 114, 116, 117, 119, 125, 130, 131, 134, 139, 142, 143, 145, 150, 170, 182, 188, 198, 200, 205, 212, 213, 216, 218, 219, 220, 222, 223, 224, 226, 228, 229, 230, 233, 234, 242, 244, 245, 247, 254, 258, 260, 266, 267, 268, 270, 271, 277], "excluded_lines": []}, "": {"executed_lines": [1, 3, 4, 5, 6, 8, 9, 10, 12, 13, 14, 15, 17, 20, 21, 23, 64, 72, 82, 127, 152, 190, 207, 256], "summary": {"covered_lines": 22, "num_statements": 22, "percent_covered": 100.0, "percent_covered_display": "100", "missing_lines": 0, "excluded_lines": 0}, "missing_lines": [], "excluded_lines": []}}}}, "totals": {"covered_lines": 551, "num_statements": 1082, "percent_covered": 50.92421441774491, "percent_covered_display": "51", "missing_lines": 531, "excluded_lines": 10}}